<?xml version="1.0" encoding="UTF-8"?>
<beans xmlns="http://www.springframework.org/schema/beans"
       xmlns:xsi="http://www.w3.org/2001/XMLSchema-instance"
       xmlns:util="http://www.springframework.org/schema/util"
       xsi:schemaLocation="
       http://www.springframework.org/schema/beans http://www.springframework.org/schema/beans/spring-beans.xsd
       http://www.springframework.org/schema/util
       http://www.springframework.org/schema/util/spring-util.xsd">

    <util:properties id="props" location="test-config.properties"/>

    <!-- TM -->
    <bean id="ariesTransactionManager" class="org.apache.aries.transaction.internal.AriesTransactionManagerImpl">
        <constructor-arg index="0" type="int" value="3600" />
    </bean>

    <bean class="org.springframework.beans.factory.config.PropertyPlaceholderConfigurer">
        <property name="properties" ref="props"/>
    </bean>

    <!-- Aliases from test resources -->
    <alias name="singleXAConnectionFactory1" alias="singleXAConnectionFactory"/>

</beans>